make.exe all -f "d:\Users\Owner\source\repos\ESP32-WiFi-tool\${workspaceFolder}" -C "D:/apps/GNUWin32/bin" --print-data-base --no-builtin-variables --no-builtin-rules --question
# make: Entering directory 'D:/apps/GNUWin32/bin'
 
make: d:\Users\Owner\source\repos\ESP32-WiFi-tool\${workspaceFolder}: No such file or directory
 
make: *** No rule to make target 'd:\Users\Owner\source\repos\ESP32-WiFi-tool\${workspaceFolder}'.  Stop.
 
# GNU Make 4.3
# Built for Windows32
# Copyright (C) 1988-2020 Free Software Foundation, Inc.
# License GPLv3+: GNU GPL version 3 or later <http://gnu.org/licenses/gpl.html>
# This is free software: you are free to change and redistribute it.
# There is NO WARRANTY, to the extent permitted by law.

# Make data base, printed on Fri Aug 13 21:10:32 2021

# Variables

# environment
SYSTEMDRIVE = C:
# environment
JAVA_HOME = D:\apps\jdk16\bin
# environment
LC_ALL = C
# environment
USERPROFILE = C:\Users\Owner
# environment
IDF_PATH = D:\apps\esp\esp-idf\
# environment
LOCALAPPDATA = C:\Users\Owner\AppData\Local
# environment
VSCODE_IPC_HOOK_EXTHOST = \\.\pipe\vscode-ipc-e62f0a31-61be-4632-bb0c-4e5cf63b51bc-sock
# environment
VSCODE_CWD = C:\Windows\system32
# environment
CHOCOLATEYINSTALL = C:\ProgramData\chocolatey
# environment
SYSTEMROOT = C:\Windows
# environment
PROCESSOR_LEVEL = 6
# environment
PSMODULEPATH = C:\Program Files\WindowsPowerShell\Modules;C:\Windows\system32\WindowsPowerShell\v1.0\Modules
# default
MAKE_COMMAND := C:/ProgramData/chocolatey/lib/make/tools/install/bin/make.exe
# environment
IDF_ADD_PATHS_EXTRAS = D:\apps\esp\esp-idf\/components/esptool_py/esptool;D:\apps\esp\esp-idf\/components/espcoredump;D:\apps\esp\esp-idf\/components/partition_table/;D:\apps\esp\esp-idf\/tools/
# automatic
@D = $(patsubst %/,%,$(patsubst %\,%,$(dir $@)))
# environment
DOKANLIBRARY1_LIBRARYPATH_X64 = C:\Program Files\Dokan\Dokan Library-1.4.1\lib\
# environment
CHROME_CRASHPAD_PIPE_NAME = \\.\pipe\crashpad_6840_KVABAODAUOGAWGXF
# environment
VSCODE_BROWSER_CODE_LOADING = bypassHeatCheck
# environment
VSCODE_HANDLES_UNCAUGHT_ERRORS = true
# default
.VARIABLES := 
# automatic
%D = $(patsubst %/,%,$(patsubst %\,%,$(dir $%)))
# automatic
^D = $(patsubst %/,%,$(patsubst %\,%,$(dir $^)))
# environment
VSCODE_LOG_STACK = false
# automatic
%F = $(notdir $%)
# environment
VSCODE_CODE_CACHE_PATH = C:\Users\Owner\AppData\Roaming\Code\CachedData\379476f0e13988d90fab105c5c19e7abc8b1dea8
# environment
LANG = C
# default
.LOADED := 
# environment
TMP = C:\Users\Owner\AppData\Local\Temp
# default
.INCLUDE_DIRS = .
# environment
PROCESSOR_ARCHITEW6432 = AMD64
# makefile
MAKEFLAGS = prRw
# environment
ONEDRIVE = C:\Users\Owner\OneDrive
# makefile
CURDIR := D:/apps/GNUWin32/bin
# environment
VSCODE_PIPE_LOGGING = true
# environment
DOKANLIBRARY1_LIBRARYPATH_X86 = C:\Program Files\Dokan\Dokan Library-1.4.1\x86\lib\
# environment
APPLICATION_INSIGHTS_NO_DIAGNOSTIC_CHANNEL = true
# automatic
*D = $(patsubst %/,%,$(patsubst %\,%,$(dir $*)))
# environment
PROGRAMFILES = C:\Program Files (x86)
# environment
MFLAGS = -prRw
# default
.SHELLFLAGS := -c
# environment
COMMONPROGRAMW6432 = C:\Program Files\Common Files
# automatic
+D = $(patsubst %/,%,$(patsubst %\,%,$(dir $+)))
# makefile
MAKEFILE_LIST := 
# automatic
@F = $(notdir $@)
# environment
VSCODE_VERBOSE_LOGGING = true
# environment
VSCODE_PID = 6840
# automatic
?D = $(patsubst %/,%,$(patsubst %\,%,$(dir $?)))
# automatic
*F = $(notdir $*)
# automatic
<D = $(patsubst %/,%,$(patsubst %\,%,$(dir $<)))
# environment
VSCODE_NLS_CONFIG = {"locale":"en-us","availableLanguages":{},"_languagePackSupport":true}
# environment
ONEDRIVECONSUMER = C:\Users\Owner\OneDrive
# default
MAKE_HOST := Windows32
# environment
PROGRAMDATA = C:\ProgramData
# environment
IDF_TOOL_PATH = D:\apps\esp\esp-idf\tools
# default
SHELL := sh.exe
# environment
HOMEPATH = \Users\Owner
# environment
PLATFORMIO_CALLER = vscode
# default
MAKECMDGOALS := all
# environment
DRIVERDATA = C:\Windows\System32\Drivers\DriverData
# environment
COMSPEC = C:\Windows\system32\cmd.exe
# environment
WINDIR = C:\Windows
# environment
MAKELEVEL := 0
# default
MAKE = $(MAKE_COMMAND)
# environment
PATH = C:\Users\Owner\.platformio\penv\Scripts;D:\apps\Python39\;D:\apps\Python39\Scripts\;D:\apps\MinGW\bin;D:\apps\esp\esp-idf\tools;D:\apps\esp\esp-idf\/components/esptool_py/esptool;D:\apps\esp\esp-idf\/components/espcoredump;D:\apps\esp\esp-idf\/components/partition_table/;D:\apps\esp\esp-idf\/tools/;C:\ProgramData\chocolatey\bin;D:\Program Files\mingw-w64\x86_64-8.1.0-win32-seh-rt_v6-rev0\mingw64\bin;d:\apps\msys64\mingw64\bin;C:\Windows\system32;C:\Windows;C:\Windows\System32\WindowsPowerShell\v1.0\;C:\Windows\System32\OpenSSH\;D:\apps\Arduino;C:\Program Files\dotnet\;D:\Users\Owner\Documents;C:\Windows\System32\Wbem;D:\apps\;D:\apps\CMake\bin;C:\Program Files\Microsoft Network Monitor 3\;D:\apps\Git\cmd;D:\apps\gtags\bin\;C:\Program Files\PuTTY\;D:\Program Files\Process Lasso\;D:\apps\LLVM\bin;C:\Users\Owner\.platformio\lib;C:\Program Files\Common Files\Oracle\Java\javapath;C:\Program Files\Microchip\xc8\v2.31\bin;D:\apps\esp\esp-idf;C:\Users\Owner\AppData\Roaming\Python\Python39\Scripts;D:\apps\jdk16\bin;D:\Program Files (x86)\nodejs\;D:\apps\Python39\;D:\apps\Python39\Scripts\;d:\apps\msys64\mingw64\bin;C:\Users\Owner\.dotnet\tools;d:\Users\Owner\AppData\Local\Programs\Microsoft VS Code\bin;C:\Users\Owner;C:\Users\Owner\AppData\Local\Microsoft\WindowsApps;d:\Program Files (x86)\Nmap;C:\Users\Owner\AppData\Roaming\npm
# environment
ZES_ENABLE_SYSMAN = 1
# environment
COMPUTERNAME = SEANSLAPTOP
# default
MAKEFILES := 
# automatic
^F = $(notdir $^)
# environment
PROMPT = $P$G
# environment
CHOCOLATEYLASTPATHUPDATE = 132667298437531127
# environment
LOGONSERVER = \\SEANSLAPTOP
# environment
VSCODE_LOG_NATIVE = false
# environment
USERNAME = Owner
# environment
COMMONPROGRAMFILES = C:\Program Files (x86)\Common Files
# automatic
?F = $(notdir $?)
# environment
PROGRAMW6432 = C:\Program Files
# environment
NO_PROXY = 127.0.0.1
# environment
PATHEXT = .COM;.EXE;.BAT;.CMD;.VBS;.VBE;.JS;.JSE;.WSF;.WSH;.MSC;.PY;.PYW
# automatic
+F = $(notdir $+)
# environment
ORIGINAL_XDG_CURRENT_DESKTOP = undefined
# environment
USERDOMAIN = SEANSLAPTOP
# 'override' directive
GNUMAKEFLAGS := 
# environment
VS140COMNTOOLS = C:\Program Files (x86)\Microsoft Visual Studio 14.0\Common7\Tools\
# environment
OS = Windows_NT
# environment
PLATFORMIO_PATH = D:/apps/Python39/Scripts;C:\Users\Owner\.platformio\penv\Scripts;D:\apps\Python39\;D:\apps\Python39\Scripts\;D:\apps\MinGW\bin;D:\apps\esp\esp-idf\tools;D:\apps\esp\esp-idf\/components/esptool_py/esptool;D:\apps\esp\esp-idf\/components/espcoredump;D:\apps\esp\esp-idf\/components/partition_table/;D:\apps\esp\esp-idf\/tools/;C:\ProgramData\chocolatey\bin;D:\Program Files\mingw-w64\x86_64-8.1.0-win32-seh-rt_v6-rev0\mingw64\bin;d:\apps\msys64\mingw64\bin;C:\Windows\system32;C:\Windows;C:\Windows\System32\WindowsPowerShell\v1.0\;C:\Windows\System32\OpenSSH\;D:\apps\Arduino;C:\Program Files\dotnet\;D:\Users\Owner\Documents;C:\Windows\System32\Wbem;D:\apps\;D:\apps\CMake\bin;C:\Program Files\Microsoft Network Monitor 3\;D:\apps\Git\cmd;D:\apps\gtags\bin\;C:\Program Files\PuTTY\;D:\Program Files\Process Lasso\;D:\apps\LLVM\bin;C:\Users\Owner\.platformio\lib;C:\Program Files\Common Files\Oracle\Java\javapath;C:\Program Files\Microchip\xc8\v2.31\bin;D:\apps\esp\esp-idf;C:\Users\Owner\AppData\Roaming\Python\Python39\Scripts;D:\apps\jdk16\bin;D:\Program Files (x86)\nodejs\;D:\apps\Python39\;D:\apps\Python39\Scripts\;d:\apps\msys64\mingw64\bin;C:\Users\Owner\.dotnet\tools;d:\Users\Owner\AppData\Local\Programs\Microsoft VS Code\bin;C:\Users\Owner;C:\Users\Owner\AppData\Local\Microsoft\WindowsApps;d:\Program Files (x86)\Nmap;C:\Users\Owner\AppData\Roaming\npm;C:\Users\Owner\.platformio\penv\Scripts;D:\apps\Python39\;D:\apps\Python39\Scripts\;D:\apps\MinGW\bin;D:\apps\esp\esp-idf\tools;D:\apps\esp\esp-idf\/components/esptool_py/esptool;D:\apps\esp\esp-idf\/components/espcoredump;D:\apps\esp\esp-idf\/components/partition_table/;D:\apps\esp\esp-idf\/tools/;C:\ProgramData\chocolatey\bin;D:\Program Files\mingw-w64\x86_64-8.1.0-win32-seh-rt_v6-rev0\mingw64\bin;d:\apps\msys64\mingw64\bin;C:\Windows\system32;C:\Windows;C:\Windows\System32\WindowsPowerShell\v1.0\;C:\Windows\System32\OpenSSH\;D:\apps\Arduino;C:\Program Files\dotnet\;D:\Users\Owner\Documents;C:\Windows\System32\Wbem;D:\apps\;D:\apps\CMake\bin;C:\Program Files\Microsoft Network Monitor 3\;D:\apps\Git\cmd;D:\apps\gtags\bin\;C:\Program Files\PuTTY\;D:\Program Files\Process Lasso\;D:\apps\LLVM\bin;C:\Users\Owner\.platformio\lib;C:\Program Files\Common Files\Oracle\Java\javapath;C:\Program Files\Microchip\xc8\v2.31\bin;D:\apps\esp\esp-idf;C:\Users\Owner\AppData\Roaming\Python\Python39\Scripts;D:\apps\jdk16\bin;D:\Program Files (x86)\nodejs\;D:\apps\Python39\;D:\apps\Python39\Scripts\;d:\apps\msys64\mingw64\bin;C:\Users\Owner\.dotnet\tools;d:\Users\Owner\AppData\Local\Programs\Microsoft VS Code\bin;C:\Users\Owner;C:\Users\Owner\AppData\Local\Microsoft\WindowsApps;d:\Program Files (x86)\Nmap;C:\Users\Owner\AppData\Roaming\npm
# environment
DOKANLIBRARY1 = C:\Program Files\Dokan\Dokan Library-1.4.1\
# makefile
.DEFAULT_GOAL := 
# default
MAKE_VERSION := 4.3
# environment
PROGRAMFILES(X86) = C:\Program Files (x86)
# environment
USERDOMAIN_ROAMINGPROFILE = SEANSLAPTOP
# environment
NUMBER_OF_PROCESSORS = 8
# environment
PUBLIC = C:\Users\Public
# environment
PYTHONPATH = D:\apps\Python39\
# environment
APPDATA = C:\Users\Owner\AppData\Roaming
# environment
HOMEDRIVE = C:
# environment
PROCESSOR_ARCHITECTURE = x86
# environment
VSCODE_AMD_ENTRYPOINT = vs/workbench/services/extensions/node/extensionHostProcess
# environment
PLATFORMIO_IDE = 2.3.2
# environment
COMMONPROGRAMFILES(X86) = C:\Program Files (x86)\Common Files
# environment
ELECTRON_RUN_AS_NODE = 1
# environment
TEMP = C:\Users\Owner\AppData\Local\Temp
# environment
VSCODE_IPC_HOOK = \\.\pipe\b9e624c17a510e22645df95991ca3cc2-1.59.0-main-sock
# default
.RECIPEPREFIX := 
# automatic
<F = $(notdir $<)
# default
SUFFIXES := 
# environment
ALLUSERSPROFILE = C:\ProgramData
# environment
SESSIONNAME = Console
# default
.FEATURES := target-specific order-only second-expansion else-if shortest-stem undefine oneshell nocomment grouped-target extra-prereqs archives jobserver output-sync load
# environment
PROCESSOR_REVISION = 9e0a
# environment
PROCESSOR_IDENTIFIER = Intel64 Family 6 Model 158 Stepping 10, GenuineIntel
# variable set hash-table stats:
# Load=110/1024=11%, Rehash=0, Collisions=10/131=8%

# Pattern-specific Variable Values

# No pattern-specific variable values.

# Directories


# No files, no impossibilities in 0 directories.

# Implicit Rules

# No implicit rules.

# Files

# Not a target:
d:\Users\Owner\source\repos\ESP32-WiFi-tool\${workspaceFolder}:
#  Implicit rule search has been done.
#  File does not exist.
#  File has not been updated.

# Not a target:
.DEFAULT:
#  Implicit rule search has not been done.
#  Modification time never checked.
#  File has not been updated.

# Not a target:
all:
#  Command line target.
#  Implicit rule search has not been done.
#  Modification time never checked.
#  File has not been updated.

# files hash-table stats:
# Load=4/1024=0%, Rehash=0, Collisions=0/14=0%
# VPATH Search Paths

# No 'vpath' search paths.

# No general ('VPATH' variable) search path.

# strcache buffers: 1 (0) / strings = 6 / storage = 109 B / avg = 18 B
# current buf: size = 8174 B / used = 109 B / count = 6 / avg = 18 B

# strcache performance: lookups = 8 / hit rate = 25%
# hash-table stats:
# Load=6/8192=0%, Rehash=0, Collisions=0/8=0%
# Finished Make data base on Fri Aug 13 21:10:32 2021

# make: Leaving directory 'D:/apps/GNUWin32/bin'
 
